[2024-11-05T23:37:38.605-0500] {taskinstance.py:1159} INFO - Dependencies all met for dep_context=non-requeueable deps ti=<TaskInstance: data_pipeline_with_custom_email_alerts1.clean_motor_senses_2_task manual__2024-11-06T04:36:57.747134+00:00 [queued]>
[2024-11-05T23:37:38.610-0500] {taskinstance.py:1159} INFO - Dependencies all met for dep_context=requeueable deps ti=<TaskInstance: data_pipeline_with_custom_email_alerts1.clean_motor_senses_2_task manual__2024-11-06T04:36:57.747134+00:00 [queued]>
[2024-11-05T23:37:38.610-0500] {taskinstance.py:1361} INFO - Starting attempt 1 of 2
[2024-11-05T23:37:38.738-0500] {taskinstance.py:1382} INFO - Executing <Task(PythonOperator): clean_motor_senses_2_task> on 2024-11-06 04:36:57.747134+00:00
[2024-11-05T23:37:38.742-0500] {standard_task_runner.py:57} INFO - Started process 94394 to run task
[2024-11-05T23:37:38.745-0500] {standard_task_runner.py:84} INFO - Running: ['airflow', 'tasks', 'run', 'data_pipeline_with_custom_email_alerts1', 'clean_motor_senses_2_task', 'manual__2024-11-06T04:36:57.747134+00:00', '--job-id', '543', '--raw', '--subdir', 'DAGS_FOLDER/try1.py', '--cfg-path', '/tmp/tmpjf7kghai']
[2024-11-05T23:37:38.746-0500] {standard_task_runner.py:85} INFO - Job 543: Subtask clean_motor_senses_2_task
[2024-11-05T23:37:38.850-0500] {task_command.py:416} INFO - Running <TaskInstance: data_pipeline_with_custom_email_alerts1.clean_motor_senses_2_task manual__2024-11-06T04:36:57.747134+00:00 [running]> on host mrudula-OMEN-by-HP-Laptop
[2024-11-05T23:37:39.034-0500] {taskinstance.py:1662} INFO - Exporting env vars: AIRFLOW_CTX_DAG_OWNER='airflow' AIRFLOW_CTX_DAG_ID='data_pipeline_with_custom_email_alerts1' AIRFLOW_CTX_TASK_ID='clean_motor_senses_2_task' AIRFLOW_CTX_EXECUTION_DATE='2024-11-06T04:36:57.747134+00:00' AIRFLOW_CTX_TRY_NUMBER='1' AIRFLOW_CTX_DAG_RUN_ID='manual__2024-11-06T04:36:57.747134+00:00'
[2024-11-05T23:37:39.073-0500] {python.py:194} INFO - Done. Returned value was:         PATNO EVENT_ID  NUPSOURC  NP1SLPN  ...  NP1URIN  NP1CNST  NP1LTHD  NP1FATG
0        3000       BL         1      1.0  ...      0.0      0.0      0.0      0.0
1        3000      V04         1      0.0  ...      1.0      0.0      0.0      1.0
2        3000      V06         1      2.0  ...      0.0      0.0      0.0      0.0
3        3000      V08         1      3.0  ...      1.0      0.0      0.0      0.0
4        3000      V10         1      1.0  ...      1.0      1.0      0.0      1.0
...       ...      ...       ...      ...  ...      ...      ...      ...      ...
25800  386466       BL         1      1.0  ...      0.0      0.0      0.0      0.0
25801  388122       BL         1      0.0  ...      0.0      0.0      0.0      1.0
25802  394809       BL         1      1.0  ...      1.0      0.0      0.0      0.0
25803  398222       BL         3      3.0  ...      0.0      1.0      0.0      1.0
25804  402314       BL         3      3.0  ...      2.0      1.0      0.0      1.0

[25805 rows x 10 columns]
[2024-11-05T23:37:39.225-0500] {taskinstance.py:1400} INFO - Marking task as SUCCESS. dag_id=data_pipeline_with_custom_email_alerts1, task_id=clean_motor_senses_2_task, execution_date=20241106T043657, start_date=20241106T043738, end_date=20241106T043739
[2024-11-05T23:37:39.438-0500] {local_task_job_runner.py:228} INFO - Task exited with return code 0
[2024-11-05T23:37:39.452-0500] {taskinstance.py:2778} INFO - 0 downstream tasks scheduled from follow-on schedule check
