[2024-11-05T20:59:27.887-0500] {taskinstance.py:1159} INFO - Dependencies all met for dep_context=non-requeueable deps ti=<TaskInstance: data_pipeline_with_custom_email_alerts1.task_clean_participant_status manual__2024-11-06T01:59:08.968501+00:00 [queued]>
[2024-11-05T20:59:27.900-0500] {taskinstance.py:1159} INFO - Dependencies all met for dep_context=requeueable deps ti=<TaskInstance: data_pipeline_with_custom_email_alerts1.task_clean_participant_status manual__2024-11-06T01:59:08.968501+00:00 [queued]>
[2024-11-05T20:59:27.901-0500] {taskinstance.py:1361} INFO - Starting attempt 1 of 2
[2024-11-05T20:59:28.027-0500] {taskinstance.py:1382} INFO - Executing <Task(PythonOperator): task_clean_participant_status> on 2024-11-06 01:59:08.968501+00:00
[2024-11-05T20:59:28.032-0500] {standard_task_runner.py:57} INFO - Started process 61089 to run task
[2024-11-05T20:59:28.036-0500] {standard_task_runner.py:84} INFO - Running: ['airflow', 'tasks', 'run', 'data_pipeline_with_custom_email_alerts1', 'task_clean_participant_status', 'manual__2024-11-06T01:59:08.968501+00:00', '--job-id', '362', '--raw', '--subdir', 'DAGS_FOLDER/try1.py', '--cfg-path', '/tmp/tmppmey6qu3']
[2024-11-05T20:59:28.037-0500] {standard_task_runner.py:85} INFO - Job 362: Subtask task_clean_participant_status
[2024-11-05T20:59:28.145-0500] {task_command.py:416} INFO - Running <TaskInstance: data_pipeline_with_custom_email_alerts1.task_clean_participant_status manual__2024-11-06T01:59:08.968501+00:00 [running]> on host mrudula-OMEN-by-HP-Laptop
[2024-11-05T20:59:28.373-0500] {taskinstance.py:1662} INFO - Exporting env vars: AIRFLOW_CTX_DAG_OWNER='airflow' AIRFLOW_CTX_DAG_ID='data_pipeline_with_custom_email_alerts1' AIRFLOW_CTX_TASK_ID='task_clean_participant_status' AIRFLOW_CTX_EXECUTION_DATE='2024-11-06T01:59:08.968501+00:00' AIRFLOW_CTX_TRY_NUMBER='1' AIRFLOW_CTX_DAG_RUN_ID='manual__2024-11-06T01:59:08.968501+00:00'
[2024-11-05T20:59:28.559-0500] {python.py:194} INFO - Done. Returned value was:       Participant_ID  COHORT ENROLL_DATE  ... ENRLLRRK2  ENRLSNCA  ENRLGBA
0               3000       2  2011-02-01  ...         0         0        0
1               3001       1  2011-03-01  ...         0         0        0
2               3002       1  2011-03-01  ...         0         0        0
3               3003       1  2011-04-01  ...         0         0        0
4               3004       2  2011-04-01  ...         0         0        0
...              ...     ...         ...  ...       ...       ...      ...
4629          397443       2         NaT  ...         0         0        0
4630          398222       1         NaT  ...         0         1        0
4631          398571       2         NaT  ...         0         0        0
4632          398573       2         NaT  ...         0         0        0
4633          402314       1  2024-10-01  ...         0         0        0

[4634 rows x 13 columns]
[2024-11-05T20:59:28.713-0500] {taskinstance.py:1400} INFO - Marking task as SUCCESS. dag_id=data_pipeline_with_custom_email_alerts1, task_id=task_clean_participant_status, execution_date=20241106T015908, start_date=20241106T015927, end_date=20241106T015928
[2024-11-05T20:59:28.850-0500] {local_task_job_runner.py:228} INFO - Task exited with return code 0
[2024-11-05T20:59:28.874-0500] {taskinstance.py:2778} INFO - 0 downstream tasks scheduled from follow-on schedule check
