[2024-11-05T21:22:47.921-0500] {taskinstance.py:1159} INFO - Dependencies all met for dep_context=non-requeueable deps ti=<TaskInstance: data_pipeline_with_custom_email_alerts1.task_clean_participantstatus_demographic manual__2024-11-06T02:22:10.425973+00:00 [queued]>
[2024-11-05T21:22:47.928-0500] {taskinstance.py:1159} INFO - Dependencies all met for dep_context=requeueable deps ti=<TaskInstance: data_pipeline_with_custom_email_alerts1.task_clean_participantstatus_demographic manual__2024-11-06T02:22:10.425973+00:00 [queued]>
[2024-11-05T21:22:47.928-0500] {taskinstance.py:1361} INFO - Starting attempt 1 of 2
[2024-11-05T21:22:48.062-0500] {taskinstance.py:1382} INFO - Executing <Task(PythonOperator): task_clean_participantstatus_demographic> on 2024-11-06 02:22:10.425973+00:00
[2024-11-05T21:22:48.068-0500] {standard_task_runner.py:57} INFO - Started process 66194 to run task
[2024-11-05T21:22:48.071-0500] {standard_task_runner.py:84} INFO - Running: ['airflow', 'tasks', 'run', 'data_pipeline_with_custom_email_alerts1', 'task_clean_participantstatus_demographic', 'manual__2024-11-06T02:22:10.425973+00:00', '--job-id', '391', '--raw', '--subdir', 'DAGS_FOLDER/try1.py', '--cfg-path', '/tmp/tmpmh5kah42']
[2024-11-05T21:22:48.073-0500] {standard_task_runner.py:85} INFO - Job 391: Subtask task_clean_participantstatus_demographic
[2024-11-05T21:22:48.189-0500] {task_command.py:416} INFO - Running <TaskInstance: data_pipeline_with_custom_email_alerts1.task_clean_participantstatus_demographic manual__2024-11-06T02:22:10.425973+00:00 [running]> on host mrudula-OMEN-by-HP-Laptop
[2024-11-05T21:22:48.426-0500] {taskinstance.py:1662} INFO - Exporting env vars: AIRFLOW_CTX_DAG_OWNER='airflow' AIRFLOW_CTX_DAG_ID='data_pipeline_with_custom_email_alerts1' AIRFLOW_CTX_TASK_ID='task_clean_participantstatus_demographic' AIRFLOW_CTX_EXECUTION_DATE='2024-11-06T02:22:10.425973+00:00' AIRFLOW_CTX_TRY_NUMBER='1' AIRFLOW_CTX_DAG_RUN_ID='manual__2024-11-06T02:22:10.425973+00:00'
[2024-11-05T21:22:48.583-0500] {python.py:194} INFO - Done. Returned value was:       Participant_ID  COHORT ENROLL_DATE  ...  ENRLGBA  SEX  CHLDBEAR
0               3000       2  2011-02-01  ...        0    0       0.0
1               3001       1  2011-03-01  ...        0    1       NaN
2               3002       1  2011-03-01  ...        0    0       0.0
3               3003       1  2011-04-01  ...        0    0       0.0
4               3004       2  2011-04-01  ...        0    1       NaN
...              ...     ...         ...  ...      ...  ...       ...
4603          381012       1  2024-10-01  ...        0    1       NaN
4605          381136       4  2024-09-01  ...        0    1       NaN
4610          386466       4  2024-09-01  ...        0    0       0.0
4611          388122       4  2024-10-01  ...        0    1       NaN
4618          402314       1  2024-10-01  ...        0    1       NaN

[3737 rows x 12 columns]
[2024-11-05T21:22:48.722-0500] {taskinstance.py:1400} INFO - Marking task as SUCCESS. dag_id=data_pipeline_with_custom_email_alerts1, task_id=task_clean_participantstatus_demographic, execution_date=20241106T022210, start_date=20241106T022247, end_date=20241106T022248
[2024-11-05T21:22:48.885-0500] {local_task_job_runner.py:228} INFO - Task exited with return code 0
[2024-11-05T21:22:48.963-0500] {taskinstance.py:2778} INFO - 0 downstream tasks scheduled from follow-on schedule check
