[2024-11-05T23:37:43.987-0500] {taskinstance.py:1159} INFO - Dependencies all met for dep_context=non-requeueable deps ti=<TaskInstance: data_pipeline_with_custom_email_alerts1.clean_motor_senses_4_task manual__2024-11-06T04:36:57.747134+00:00 [queued]>
[2024-11-05T23:37:43.993-0500] {taskinstance.py:1159} INFO - Dependencies all met for dep_context=requeueable deps ti=<TaskInstance: data_pipeline_with_custom_email_alerts1.clean_motor_senses_4_task manual__2024-11-06T04:36:57.747134+00:00 [queued]>
[2024-11-05T23:37:43.993-0500] {taskinstance.py:1361} INFO - Starting attempt 1 of 2
[2024-11-05T23:37:44.105-0500] {taskinstance.py:1382} INFO - Executing <Task(PythonOperator): clean_motor_senses_4_task> on 2024-11-06 04:36:57.747134+00:00
[2024-11-05T23:37:44.109-0500] {standard_task_runner.py:57} INFO - Started process 94459 to run task
[2024-11-05T23:37:44.111-0500] {standard_task_runner.py:84} INFO - Running: ['airflow', 'tasks', 'run', 'data_pipeline_with_custom_email_alerts1', 'clean_motor_senses_4_task', 'manual__2024-11-06T04:36:57.747134+00:00', '--job-id', '545', '--raw', '--subdir', 'DAGS_FOLDER/try1.py', '--cfg-path', '/tmp/tmph03grj5a']
[2024-11-05T23:37:44.112-0500] {standard_task_runner.py:85} INFO - Job 545: Subtask clean_motor_senses_4_task
[2024-11-05T23:37:44.232-0500] {task_command.py:416} INFO - Running <TaskInstance: data_pipeline_with_custom_email_alerts1.clean_motor_senses_4_task manual__2024-11-06T04:36:57.747134+00:00 [running]> on host mrudula-OMEN-by-HP-Laptop
[2024-11-05T23:37:44.468-0500] {taskinstance.py:1662} INFO - Exporting env vars: AIRFLOW_CTX_DAG_OWNER='airflow' AIRFLOW_CTX_DAG_ID='data_pipeline_with_custom_email_alerts1' AIRFLOW_CTX_TASK_ID='clean_motor_senses_4_task' AIRFLOW_CTX_EXECUTION_DATE='2024-11-06T04:36:57.747134+00:00' AIRFLOW_CTX_TRY_NUMBER='1' AIRFLOW_CTX_DAG_RUN_ID='manual__2024-11-06T04:36:57.747134+00:00'
[2024-11-05T23:37:44.531-0500] {python.py:194} INFO - Done. Returned value was:         PATNO EVENT_ID  NP3SPCH  NP3FACXP  ...  NP3RTCON  DYSKPRES  DYSKIRAT  NHY
0        3000       BL      0.0       0.0  ...       0.0       0.0       NaN  0.0
1        3000      V04      0.0       0.0  ...       0.0       0.0       NaN  0.0
2        3000      V06      0.0       0.0  ...       0.0       0.0       NaN  0.0
3        3000      V08      0.0       0.0  ...       0.0       0.0       NaN  0.0
4        3000      V10      0.0       0.0  ...       0.0       0.0       NaN  0.0
...       ...      ...      ...       ...  ...       ...       ...       ...  ...
30133  394809       BL      0.0       0.0  ...       0.0       0.0       NaN  0.0
30134  398222       BL      1.0       2.0  ...       2.0       0.0       NaN  2.0
30135  398222       BL      1.0       1.0  ...       1.0       0.0       NaN  2.0
30136  402314       BL      0.0       0.0  ...       0.0       1.0       0.0  1.0
30137  402314       BL      0.0       0.0  ...       1.0       0.0       NaN  2.0

[30138 rows x 38 columns]
[2024-11-05T23:37:44.767-0500] {taskinstance.py:1400} INFO - Marking task as SUCCESS. dag_id=data_pipeline_with_custom_email_alerts1, task_id=clean_motor_senses_4_task, execution_date=20241106T043657, start_date=20241106T043743, end_date=20241106T043744
[2024-11-05T23:37:44.925-0500] {local_task_job_runner.py:228} INFO - Task exited with return code 0
[2024-11-05T23:37:44.950-0500] {taskinstance.py:2778} INFO - 0 downstream tasks scheduled from follow-on schedule check
