[2024-11-05T23:25:24.296-0500] {taskinstance.py:1159} INFO - Dependencies all met for dep_context=non-requeueable deps ti=<TaskInstance: data_pipeline_with_custom_email_alerts1.task_filter_biospecimen_analysis manual__2024-11-06T04:24:04.710564+00:00 [queued]>
[2024-11-05T23:25:24.304-0500] {taskinstance.py:1159} INFO - Dependencies all met for dep_context=requeueable deps ti=<TaskInstance: data_pipeline_with_custom_email_alerts1.task_filter_biospecimen_analysis manual__2024-11-06T04:24:04.710564+00:00 [queued]>
[2024-11-05T23:25:24.304-0500] {taskinstance.py:1361} INFO - Starting attempt 1 of 2
[2024-11-05T23:25:24.444-0500] {taskinstance.py:1382} INFO - Executing <Task(PythonOperator): task_filter_biospecimen_analysis> on 2024-11-06 04:24:04.710564+00:00
[2024-11-05T23:25:24.451-0500] {standard_task_runner.py:57} INFO - Started process 91140 to run task
[2024-11-05T23:25:24.455-0500] {standard_task_runner.py:84} INFO - Running: ['airflow', 'tasks', 'run', 'data_pipeline_with_custom_email_alerts1', 'task_filter_biospecimen_analysis', 'manual__2024-11-06T04:24:04.710564+00:00', '--job-id', '494', '--raw', '--subdir', 'DAGS_FOLDER/try1.py', '--cfg-path', '/tmp/tmpujm9so1y']
[2024-11-05T23:25:24.457-0500] {standard_task_runner.py:85} INFO - Job 494: Subtask task_filter_biospecimen_analysis
[2024-11-05T23:25:24.584-0500] {task_command.py:416} INFO - Running <TaskInstance: data_pipeline_with_custom_email_alerts1.task_filter_biospecimen_analysis manual__2024-11-06T04:24:04.710564+00:00 [running]> on host mrudula-OMEN-by-HP-Laptop
[2024-11-05T23:25:24.775-0500] {taskinstance.py:1662} INFO - Exporting env vars: AIRFLOW_CTX_DAG_OWNER='airflow' AIRFLOW_CTX_DAG_ID='data_pipeline_with_custom_email_alerts1' AIRFLOW_CTX_TASK_ID='task_filter_biospecimen_analysis' AIRFLOW_CTX_EXECUTION_DATE='2024-11-06T04:24:04.710564+00:00' AIRFLOW_CTX_TRY_NUMBER='1' AIRFLOW_CTX_DAG_RUN_ID='manual__2024-11-06T04:24:04.710564+00:00'
[2024-11-05T23:25:24.934-0500] {python.py:194} INFO - Done. Returned value was:        PATNO CLINICAL_EVENT  ...    RUNDATE earliest_date
0     245573             BL  ... 2023-12-18    2023-12-18
1     163324             BL  ... 2023-12-18    2023-12-18
2     250240             BL  ... 2023-12-18    2023-12-18
3     164985             BL  ... 2023-12-18    2023-12-18
4     245591             BL  ... 2023-12-18    2023-12-18
...      ...            ...  ...        ...           ...
1244  293703             BL  ... 2024-07-18    2024-07-18
1245  294102             BL  ... 2024-07-18    2024-07-18
1246  179752             BL  ... 2024-07-18    2024-07-18
1247  313702             BL  ... 2024-07-18    2024-07-18
1248  319735             BL  ... 2024-07-18    2024-07-18

[1249 rows x 8 columns]
[2024-11-05T23:25:25.064-0500] {taskinstance.py:1400} INFO - Marking task as SUCCESS. dag_id=data_pipeline_with_custom_email_alerts1, task_id=task_filter_biospecimen_analysis, execution_date=20241106T042404, start_date=20241106T042524, end_date=20241106T042525
[2024-11-05T23:25:25.228-0500] {local_task_job_runner.py:228} INFO - Task exited with return code 0
[2024-11-05T23:25:25.252-0500] {taskinstance.py:2778} INFO - 1 downstream tasks scheduled from follow-on schedule check
