[2024-11-05T23:38:28.274-0500] {taskinstance.py:1159} INFO - Dependencies all met for dep_context=non-requeueable deps ti=<TaskInstance: data_pipeline_with_custom_email_alerts1.load_and_merge_data manual__2024-11-06T04:36:57.747134+00:00 [queued]>
[2024-11-05T23:38:28.279-0500] {taskinstance.py:1159} INFO - Dependencies all met for dep_context=requeueable deps ti=<TaskInstance: data_pipeline_with_custom_email_alerts1.load_and_merge_data manual__2024-11-06T04:36:57.747134+00:00 [queued]>
[2024-11-05T23:38:28.279-0500] {taskinstance.py:1361} INFO - Starting attempt 1 of 2
[2024-11-05T23:38:28.397-0500] {taskinstance.py:1382} INFO - Executing <Task(PythonOperator): load_and_merge_data> on 2024-11-06 04:36:57.747134+00:00
[2024-11-05T23:38:28.401-0500] {standard_task_runner.py:57} INFO - Started process 94897 to run task
[2024-11-05T23:38:28.403-0500] {standard_task_runner.py:84} INFO - Running: ['airflow', 'tasks', 'run', 'data_pipeline_with_custom_email_alerts1', 'load_and_merge_data', 'manual__2024-11-06T04:36:57.747134+00:00', '--job-id', '557', '--raw', '--subdir', 'DAGS_FOLDER/try1.py', '--cfg-path', '/tmp/tmplayiave9']
[2024-11-05T23:38:28.404-0500] {standard_task_runner.py:85} INFO - Job 557: Subtask load_and_merge_data
[2024-11-05T23:38:28.550-0500] {task_command.py:416} INFO - Running <TaskInstance: data_pipeline_with_custom_email_alerts1.load_and_merge_data manual__2024-11-06T04:36:57.747134+00:00 [running]> on host mrudula-OMEN-by-HP-Laptop
[2024-11-05T23:38:28.768-0500] {taskinstance.py:1662} INFO - Exporting env vars: AIRFLOW_CTX_DAG_OWNER='airflow' AIRFLOW_CTX_DAG_ID='data_pipeline_with_custom_email_alerts1' AIRFLOW_CTX_TASK_ID='load_and_merge_data' AIRFLOW_CTX_EXECUTION_DATE='2024-11-06T04:36:57.747134+00:00' AIRFLOW_CTX_TRY_NUMBER='1' AIRFLOW_CTX_DAG_RUN_ID='manual__2024-11-06T04:36:57.747134+00:00'
[2024-11-05T23:38:29.250-0500] {python.py:194} INFO - Done. Returned value was:         Participant_ID  COHORT  ... NP4DYSTNNUM  NP4DYSTNPCT
0                 3000       2  ...         NaN          NaN
1                 3000       2  ...         NaN          NaN
2                 3000       2  ...         NaN          NaN
3                 3000       2  ...         NaN          NaN
4                 3000       2  ...         NaN          NaN
...                ...     ...  ...         ...          ...
112743          402314       1  ...         NaN          NaN
112744          402314       1  ...         NaN          NaN
112745          402314       1  ...         NaN          NaN
112746          402314       1  ...         NaN          NaN
112747          402314       1  ...         2.0          0.0

[112748 rows x 96 columns]
[2024-11-05T23:38:29.811-0500] {taskinstance.py:1400} INFO - Marking task as SUCCESS. dag_id=data_pipeline_with_custom_email_alerts1, task_id=load_and_merge_data, execution_date=20241106T043657, start_date=20241106T043828, end_date=20241106T043829
[2024-11-05T23:38:29.978-0500] {local_task_job_runner.py:228} INFO - Task exited with return code 0
[2024-11-05T23:38:29.992-0500] {taskinstance.py:2778} INFO - 1 downstream tasks scheduled from follow-on schedule check
