[2024-11-05T22:53:42.482-0500] {taskinstance.py:1159} INFO - Dependencies all met for dep_context=non-requeueable deps ti=<TaskInstance: data_pipeline_with_custom_email_alerts1.task_biospecimen_analysis_load manual__2024-11-06T03:53:24.068430+00:00 [queued]>
[2024-11-05T22:53:42.492-0500] {taskinstance.py:1159} INFO - Dependencies all met for dep_context=requeueable deps ti=<TaskInstance: data_pipeline_with_custom_email_alerts1.task_biospecimen_analysis_load manual__2024-11-06T03:53:24.068430+00:00 [queued]>
[2024-11-05T22:53:42.492-0500] {taskinstance.py:1361} INFO - Starting attempt 1 of 2
[2024-11-05T22:53:42.615-0500] {taskinstance.py:1382} INFO - Executing <Task(PythonOperator): task_biospecimen_analysis_load> on 2024-11-06 03:53:24.068430+00:00
[2024-11-05T22:53:42.620-0500] {standard_task_runner.py:57} INFO - Started process 84206 to run task
[2024-11-05T22:53:42.625-0500] {standard_task_runner.py:84} INFO - Running: ['airflow', 'tasks', 'run', 'data_pipeline_with_custom_email_alerts1', 'task_biospecimen_analysis_load', 'manual__2024-11-06T03:53:24.068430+00:00', '--job-id', '453', '--raw', '--subdir', 'DAGS_FOLDER/try1.py', '--cfg-path', '/tmp/tmpb24ovi3h']
[2024-11-05T22:53:42.627-0500] {standard_task_runner.py:85} INFO - Job 453: Subtask task_biospecimen_analysis_load
[2024-11-05T22:53:42.746-0500] {task_command.py:416} INFO - Running <TaskInstance: data_pipeline_with_custom_email_alerts1.task_biospecimen_analysis_load manual__2024-11-06T03:53:24.068430+00:00 [running]> on host mrudula-OMEN-by-HP-Laptop
[2024-11-05T22:53:43.062-0500] {taskinstance.py:1662} INFO - Exporting env vars: AIRFLOW_CTX_DAG_OWNER='airflow' AIRFLOW_CTX_DAG_ID='data_pipeline_with_custom_email_alerts1' AIRFLOW_CTX_TASK_ID='task_biospecimen_analysis_load' AIRFLOW_CTX_EXECUTION_DATE='2024-11-06T03:53:24.068430+00:00' AIRFLOW_CTX_TRY_NUMBER='1' AIRFLOW_CTX_DAG_RUN_ID='manual__2024-11-06T03:53:24.068430+00:00'
[2024-11-05T22:53:43.206-0500] {python.py:194} INFO - Done. Returned value was:        PATNO     SEX COHORT  ... PROJECTID      PI_NAME PI_INSTITUTION
0     245573    Male     PD  ...       237  Luis Concha        Amprion
1     163324    Male     PD  ...       237  Luis Concha        Amprion
2     250240    Male     PD  ...       237  Luis Concha        Amprion
3     164985    Male     PD  ...       237  Luis Concha        Amprion
4     245591    Male     PD  ...       237  Luis Concha        Amprion
...      ...     ...    ...  ...       ...          ...            ...
1441  293703    Male     PD  ...       237  Luis Concha        Amprion
1442  294102  Female     PD  ...       237  Luis Concha        Amprion
1443  179752  Female     PD  ...       237  Luis Concha        Amprion
1444  313702    Male     PD  ...       237  Luis Concha        Amprion
1445  319735    Male     PD  ...       237  Luis Concha        Amprion

[1446 rows x 15 columns]
[2024-11-05T22:53:43.361-0500] {taskinstance.py:1400} INFO - Marking task as SUCCESS. dag_id=data_pipeline_with_custom_email_alerts1, task_id=task_biospecimen_analysis_load, execution_date=20241106T035324, start_date=20241106T035342, end_date=20241106T035343
[2024-11-05T22:53:43.519-0500] {local_task_job_runner.py:228} INFO - Task exited with return code 0
[2024-11-05T22:53:43.551-0500] {taskinstance.py:2778} INFO - 1 downstream tasks scheduled from follow-on schedule check
