[2024-11-05T23:37:23.671-0500] {taskinstance.py:1159} INFO - Dependencies all met for dep_context=non-requeueable deps ti=<TaskInstance: data_pipeline_with_custom_email_alerts1.load_motor_senses_5_task manual__2024-11-06T04:36:57.747134+00:00 [queued]>
[2024-11-05T23:37:23.676-0500] {taskinstance.py:1159} INFO - Dependencies all met for dep_context=requeueable deps ti=<TaskInstance: data_pipeline_with_custom_email_alerts1.load_motor_senses_5_task manual__2024-11-06T04:36:57.747134+00:00 [queued]>
[2024-11-05T23:37:23.676-0500] {taskinstance.py:1361} INFO - Starting attempt 1 of 2
[2024-11-05T23:37:23.813-0500] {taskinstance.py:1382} INFO - Executing <Task(PythonOperator): load_motor_senses_5_task> on 2024-11-06 04:36:57.747134+00:00
[2024-11-05T23:37:23.817-0500] {standard_task_runner.py:57} INFO - Started process 94228 to run task
[2024-11-05T23:37:23.819-0500] {standard_task_runner.py:84} INFO - Running: ['airflow', 'tasks', 'run', 'data_pipeline_with_custom_email_alerts1', 'load_motor_senses_5_task', 'manual__2024-11-06T04:36:57.747134+00:00', '--job-id', '538', '--raw', '--subdir', 'DAGS_FOLDER/try1.py', '--cfg-path', '/tmp/tmpafiwfyih']
[2024-11-05T23:37:23.820-0500] {standard_task_runner.py:85} INFO - Job 538: Subtask load_motor_senses_5_task
[2024-11-05T23:37:23.925-0500] {task_command.py:416} INFO - Running <TaskInstance: data_pipeline_with_custom_email_alerts1.load_motor_senses_5_task manual__2024-11-06T04:36:57.747134+00:00 [running]> on host mrudula-OMEN-by-HP-Laptop
[2024-11-05T23:37:24.146-0500] {taskinstance.py:1662} INFO - Exporting env vars: AIRFLOW_CTX_DAG_OWNER='airflow' AIRFLOW_CTX_DAG_ID='data_pipeline_with_custom_email_alerts1' AIRFLOW_CTX_TASK_ID='load_motor_senses_5_task' AIRFLOW_CTX_EXECUTION_DATE='2024-11-06T04:36:57.747134+00:00' AIRFLOW_CTX_TRY_NUMBER='1' AIRFLOW_CTX_DAG_RUN_ID='manual__2024-11-06T04:36:57.747134+00:00'
[2024-11-05T23:37:24.168-0500] {python.py:194} INFO - Done. Returned value was:          REC_ID   PATNO EVENT_ID  ... NP4TOT ORIG_ENTRY            LAST_UPDATE
0      IA156300    3001      R17  ...    1.0    12/2021  2022-11-07 00:00:00.0
1      IA156303    3001      R18  ...    3.0    09/2022  2022-11-07 00:00:00.0
2     473773301    3001      V09  ...    0.0    11/2014  2020-06-25 16:04:34.0
3     516499401    3001      V10  ...    0.0    04/2015  2020-06-25 16:04:35.0
4     588306101    3001      V12  ...    0.0    09/2016  2020-06-25 16:04:35.0
...         ...     ...      ...  ...    ...        ...                    ...
9021   IA595740  319062      V02  ...    0.0    10/2024  2024-10-14 00:00:00.0
9022   IA589927  321150      R01  ...    0.0    10/2024  2024-10-04 00:00:00.0
9023   IA597312  344841       BL  ...    0.0    10/2024  2024-10-16 00:00:00.0
9024   IA596752  381012       BL  ...    0.0    10/2024  2024-10-15 00:00:00.0
9025   IA603760  402314       BL  ...    5.0    10/2024  2024-10-24 00:00:00.0

[9026 rows x 23 columns]
[2024-11-05T23:37:24.337-0500] {taskinstance.py:1400} INFO - Marking task as SUCCESS. dag_id=data_pipeline_with_custom_email_alerts1, task_id=load_motor_senses_5_task, execution_date=20241106T043657, start_date=20241106T043723, end_date=20241106T043724
[2024-11-05T23:37:24.473-0500] {local_task_job_runner.py:228} INFO - Task exited with return code 0
[2024-11-05T23:37:24.489-0500] {taskinstance.py:2778} INFO - 1 downstream tasks scheduled from follow-on schedule check
