[2024-11-05T23:32:39.016-0500] {taskinstance.py:1159} INFO - Dependencies all met for dep_context=non-requeueable deps ti=<TaskInstance: data_pipeline_with_custom_email_alerts1.task_clean_participantstatus_demographics_biospecimen_analysis manual__2024-11-06T04:30:57.325826+00:00 [queued]>
[2024-11-05T23:32:39.023-0500] {taskinstance.py:1159} INFO - Dependencies all met for dep_context=requeueable deps ti=<TaskInstance: data_pipeline_with_custom_email_alerts1.task_clean_participantstatus_demographics_biospecimen_analysis manual__2024-11-06T04:30:57.325826+00:00 [queued]>
[2024-11-05T23:32:39.024-0500] {taskinstance.py:1361} INFO - Starting attempt 1 of 2
[2024-11-05T23:32:39.143-0500] {taskinstance.py:1382} INFO - Executing <Task(PythonOperator): task_clean_participantstatus_demographics_biospecimen_analysis> on 2024-11-06 04:30:57.325826+00:00
[2024-11-05T23:32:39.149-0500] {standard_task_runner.py:57} INFO - Started process 93210 to run task
[2024-11-05T23:32:39.153-0500] {standard_task_runner.py:84} INFO - Running: ['airflow', 'tasks', 'run', 'data_pipeline_with_custom_email_alerts1', 'task_clean_participantstatus_demographics_biospecimen_analysis', 'manual__2024-11-06T04:30:57.325826+00:00', '--job-id', '527', '--raw', '--subdir', 'DAGS_FOLDER/try1.py', '--cfg-path', '/tmp/tmpf5lrlrwl']
[2024-11-05T23:32:39.154-0500] {standard_task_runner.py:85} INFO - Job 527: Subtask task_clean_participantstatus_demographics_biospecimen_analysis
[2024-11-05T23:32:39.267-0500] {task_command.py:416} INFO - Running <TaskInstance: data_pipeline_with_custom_email_alerts1.task_clean_participantstatus_demographics_biospecimen_analysis manual__2024-11-06T04:30:57.325826+00:00 [running]> on host mrudula-OMEN-by-HP-Laptop
[2024-11-05T23:32:39.475-0500] {taskinstance.py:1662} INFO - Exporting env vars: AIRFLOW_CTX_DAG_OWNER='airflow' AIRFLOW_CTX_DAG_ID='data_pipeline_with_custom_email_alerts1' AIRFLOW_CTX_TASK_ID='task_clean_participantstatus_demographics_biospecimen_analysis' AIRFLOW_CTX_EXECUTION_DATE='2024-11-06T04:30:57.325826+00:00' AIRFLOW_CTX_TRY_NUMBER='1' AIRFLOW_CTX_DAG_RUN_ID='manual__2024-11-06T04:30:57.325826+00:00'
[2024-11-05T23:32:39.754-0500] {python.py:194} INFO - Done. Returned value was:       Participant_ID  COHORT ENROLL_DATE  ...  SAA_Status  SAA_Type  InstrumentRep1
0               3000       2  2011-02-01  ...        None      None             NaN
1               3001       1  2011-03-01  ...    Positive      None             2.0
2               3002       1  2011-03-01  ...    Positive      None             2.0
3               3003       1  2011-04-01  ...    Positive      None             2.0
4               3004       2  2011-04-01  ...        None      None             NaN
...              ...     ...         ...  ...         ...       ...             ...
3739          381012       1  2024-10-01  ...        None      None             NaN
3740          381136       4  2024-09-01  ...        None      None             NaN
3741          386466       4  2024-09-01  ...        None      None             NaN
3742          388122       4  2024-10-01  ...        None      None             NaN
3743          402314       1  2024-10-01  ...        None      None             NaN

[3744 rows x 16 columns]
[2024-11-05T23:32:39.909-0500] {taskinstance.py:1400} INFO - Marking task as SUCCESS. dag_id=data_pipeline_with_custom_email_alerts1, task_id=task_clean_participantstatus_demographics_biospecimen_analysis, execution_date=20241106T043057, start_date=20241106T043239, end_date=20241106T043239
[2024-11-05T23:32:40.047-0500] {local_task_job_runner.py:228} INFO - Task exited with return code 0
[2024-11-05T23:32:40.067-0500] {taskinstance.py:2778} INFO - 1 downstream tasks scheduled from follow-on schedule check
