[2024-11-05T22:54:31.083-0500] {taskinstance.py:1159} INFO - Dependencies all met for dep_context=non-requeueable deps ti=<TaskInstance: data_pipeline_with_custom_email_alerts1.clean_motor_senses_5_task manual__2024-11-06T03:53:24.068430+00:00 [queued]>
[2024-11-05T22:54:31.091-0500] {taskinstance.py:1159} INFO - Dependencies all met for dep_context=requeueable deps ti=<TaskInstance: data_pipeline_with_custom_email_alerts1.clean_motor_senses_5_task manual__2024-11-06T03:53:24.068430+00:00 [queued]>
[2024-11-05T22:54:31.091-0500] {taskinstance.py:1361} INFO - Starting attempt 1 of 2
[2024-11-05T22:54:31.267-0500] {taskinstance.py:1382} INFO - Executing <Task(PythonOperator): clean_motor_senses_5_task> on 2024-11-06 03:53:24.068430+00:00
[2024-11-05T22:54:31.272-0500] {standard_task_runner.py:57} INFO - Started process 84598 to run task
[2024-11-05T22:54:31.276-0500] {standard_task_runner.py:84} INFO - Running: ['airflow', 'tasks', 'run', 'data_pipeline_with_custom_email_alerts1', 'clean_motor_senses_5_task', 'manual__2024-11-06T03:53:24.068430+00:00', '--job-id', '466', '--raw', '--subdir', 'DAGS_FOLDER/try1.py', '--cfg-path', '/tmp/tmpq5zfpz6k']
[2024-11-05T22:54:31.277-0500] {standard_task_runner.py:85} INFO - Job 466: Subtask clean_motor_senses_5_task
[2024-11-05T22:54:31.392-0500] {task_command.py:416} INFO - Running <TaskInstance: data_pipeline_with_custom_email_alerts1.clean_motor_senses_5_task manual__2024-11-06T03:53:24.068430+00:00 [running]> on host mrudula-OMEN-by-HP-Laptop
[2024-11-05T22:54:31.595-0500] {taskinstance.py:1662} INFO - Exporting env vars: AIRFLOW_CTX_DAG_OWNER='airflow' AIRFLOW_CTX_DAG_ID='data_pipeline_with_custom_email_alerts1' AIRFLOW_CTX_TASK_ID='clean_motor_senses_5_task' AIRFLOW_CTX_EXECUTION_DATE='2024-11-06T03:53:24.068430+00:00' AIRFLOW_CTX_TRY_NUMBER='1' AIRFLOW_CTX_DAG_RUN_ID='manual__2024-11-06T03:53:24.068430+00:00'
[2024-11-05T22:54:31.646-0500] {python.py:194} INFO - Done. Returned value was:        PATNO EVENT_ID  NP4WDYSK  ...  NP4DYSTNDEN  NP4DYSTNNUM  NP4DYSTNPCT
0       3001      R17         1  ...          0.0          0.0          NaN
1       3001      R18         2  ...          0.0          0.0          NaN
2       3001      V09         0  ...          NaN          NaN          NaN
3       3001      V10         0  ...          NaN          NaN          NaN
4       3001      V12         0  ...          NaN          NaN          NaN
...      ...      ...       ...  ...          ...          ...          ...
9021  319062      V02         0  ...          0.0          0.0          NaN
9022  321150      R01         0  ...          0.0          0.0          NaN
9023  344841       BL         0  ...          0.0          0.0          NaN
9024  381012       BL         0  ...          0.0          0.0          NaN
9025  402314       BL         1  ...          0.0          2.0          0.0

[9026 rows x 17 columns]
[2024-11-05T22:54:31.833-0500] {taskinstance.py:1400} INFO - Marking task as SUCCESS. dag_id=data_pipeline_with_custom_email_alerts1, task_id=clean_motor_senses_5_task, execution_date=20241106T035324, start_date=20241106T035431, end_date=20241106T035431
[2024-11-05T22:54:31.970-0500] {local_task_job_runner.py:228} INFO - Task exited with return code 0
[2024-11-05T22:54:31.993-0500] {taskinstance.py:2778} INFO - 1 downstream tasks scheduled from follow-on schedule check
