[2024-11-05T23:25:02.163-0500] {taskinstance.py:1159} INFO - Dependencies all met for dep_context=non-requeueable deps ti=<TaskInstance: data_pipeline_with_custom_email_alerts1.clean_motor_senses_1_task manual__2024-11-06T04:24:04.710564+00:00 [queued]>
[2024-11-05T23:25:02.171-0500] {taskinstance.py:1159} INFO - Dependencies all met for dep_context=requeueable deps ti=<TaskInstance: data_pipeline_with_custom_email_alerts1.clean_motor_senses_1_task manual__2024-11-06T04:24:04.710564+00:00 [queued]>
[2024-11-05T23:25:02.171-0500] {taskinstance.py:1361} INFO - Starting attempt 1 of 2
[2024-11-05T23:25:02.294-0500] {taskinstance.py:1382} INFO - Executing <Task(PythonOperator): clean_motor_senses_1_task> on 2024-11-06 04:24:04.710564+00:00
[2024-11-05T23:25:02.299-0500] {standard_task_runner.py:57} INFO - Started process 90923 to run task
[2024-11-05T23:25:02.303-0500] {standard_task_runner.py:84} INFO - Running: ['airflow', 'tasks', 'run', 'data_pipeline_with_custom_email_alerts1', 'clean_motor_senses_1_task', 'manual__2024-11-06T04:24:04.710564+00:00', '--job-id', '488', '--raw', '--subdir', 'DAGS_FOLDER/try1.py', '--cfg-path', '/tmp/tmpnc8xanwt']
[2024-11-05T23:25:02.304-0500] {standard_task_runner.py:85} INFO - Job 488: Subtask clean_motor_senses_1_task
[2024-11-05T23:25:02.408-0500] {task_command.py:416} INFO - Running <TaskInstance: data_pipeline_with_custom_email_alerts1.clean_motor_senses_1_task manual__2024-11-06T04:24:04.710564+00:00 [running]> on host mrudula-OMEN-by-HP-Laptop
[2024-11-05T23:25:02.603-0500] {taskinstance.py:1662} INFO - Exporting env vars: AIRFLOW_CTX_DAG_OWNER='airflow' AIRFLOW_CTX_DAG_ID='data_pipeline_with_custom_email_alerts1' AIRFLOW_CTX_TASK_ID='clean_motor_senses_1_task' AIRFLOW_CTX_EXECUTION_DATE='2024-11-06T04:24:04.710564+00:00' AIRFLOW_CTX_TRY_NUMBER='1' AIRFLOW_CTX_DAG_RUN_ID='manual__2024-11-06T04:24:04.710564+00:00'
[2024-11-05T23:25:02.660-0500] {python.py:194} INFO - Done. Returned value was:         PATNO EVENT_ID  NUPSOURC  NP1COG  ...  NP1DPRS  NP1ANXS  NP1APAT  NP1DDS
0        3000       BL       1.0       1  ...      1.0      1.0      0.0     0.0
1        3000      V04       1.0       0  ...      1.0      0.0      0.0     0.0
2        3000      V06       1.0       1  ...      1.0      1.0      0.0     0.0
3        3000      V08       1.0       1  ...      0.0      2.0      0.0     0.0
4        3000      V10       1.0       0  ...      0.0      0.0      0.0     0.0
...       ...      ...       ...     ...  ...      ...      ...      ...     ...
25758  386466       BL       1.0       0  ...      0.0      0.0      0.0     0.0
25759  388122       BL       1.0       1  ...      2.0      1.0      1.0     0.0
25760  394809       BL       1.0       0  ...      0.0      0.0      0.0     0.0
25761  398222       BL       3.0       0  ...      2.0      3.0      2.0     0.0
25762  402314       BL       3.0       0  ...      2.0      2.0      0.0     0.0

[25763 rows x 9 columns]
[2024-11-05T23:25:02.839-0500] {taskinstance.py:1400} INFO - Marking task as SUCCESS. dag_id=data_pipeline_with_custom_email_alerts1, task_id=clean_motor_senses_1_task, execution_date=20241106T042404, start_date=20241106T042502, end_date=20241106T042502
[2024-11-05T23:25:02.997-0500] {local_task_job_runner.py:228} INFO - Task exited with return code 0
[2024-11-05T23:25:03.112-0500] {taskinstance.py:2778} INFO - 0 downstream tasks scheduled from follow-on schedule check
