[2024-11-05T23:37:03.304-0500] {taskinstance.py:1159} INFO - Dependencies all met for dep_context=non-requeueable deps ti=<TaskInstance: data_pipeline_with_custom_email_alerts1.task_participant_status_load manual__2024-11-06T04:36:57.747134+00:00 [queued]>
[2024-11-05T23:37:03.308-0500] {taskinstance.py:1159} INFO - Dependencies all met for dep_context=requeueable deps ti=<TaskInstance: data_pipeline_with_custom_email_alerts1.task_participant_status_load manual__2024-11-06T04:36:57.747134+00:00 [queued]>
[2024-11-05T23:37:03.308-0500] {taskinstance.py:1361} INFO - Starting attempt 1 of 2
[2024-11-05T23:37:03.451-0500] {taskinstance.py:1382} INFO - Executing <Task(PythonOperator): task_participant_status_load> on 2024-11-06 04:36:57.747134+00:00
[2024-11-05T23:37:03.455-0500] {standard_task_runner.py:57} INFO - Started process 94069 to run task
[2024-11-05T23:37:03.458-0500] {standard_task_runner.py:84} INFO - Running: ['airflow', 'tasks', 'run', 'data_pipeline_with_custom_email_alerts1', 'task_participant_status_load', 'manual__2024-11-06T04:36:57.747134+00:00', '--job-id', '531', '--raw', '--subdir', 'DAGS_FOLDER/try1.py', '--cfg-path', '/tmp/tmpqxap73iv']
[2024-11-05T23:37:03.459-0500] {standard_task_runner.py:85} INFO - Job 531: Subtask task_participant_status_load
[2024-11-05T23:37:03.579-0500] {task_command.py:416} INFO - Running <TaskInstance: data_pipeline_with_custom_email_alerts1.task_participant_status_load manual__2024-11-06T04:36:57.747134+00:00 [running]> on host mrudula-OMEN-by-HP-Laptop
[2024-11-05T23:37:03.780-0500] {taskinstance.py:1662} INFO - Exporting env vars: AIRFLOW_CTX_DAG_OWNER='airflow' AIRFLOW_CTX_DAG_ID='data_pipeline_with_custom_email_alerts1' AIRFLOW_CTX_TASK_ID='task_participant_status_load' AIRFLOW_CTX_EXECUTION_DATE='2024-11-06T04:36:57.747134+00:00' AIRFLOW_CTX_TRY_NUMBER='1' AIRFLOW_CTX_DAG_RUN_ID='manual__2024-11-06T04:36:57.747134+00:00'
[2024-11-05T23:37:03.932-0500] {python.py:194} INFO - Done. Returned value was:        PATNO  COHORT    COHORT_DEFINITION  ... ENRLLRRK2 ENRLSNCA ENRLGBA
0       3000       2      Healthy Control  ...         0        0       0
1       3001       1  Parkinson's Disease  ...         0        0       0
2       3002       1  Parkinson's Disease  ...         0        0       0
3       3003       1  Parkinson's Disease  ...         0        0       0
4       3004       2      Healthy Control  ...         0        0       0
...      ...     ...                  ...  ...       ...      ...     ...
4629  397443       2      Healthy Control  ...         0        0       0
4630  398222       1  Parkinson's Disease  ...         0        1       0
4631  398571       2      Healthy Control  ...         0        0       0
4632  398573       2      Healthy Control  ...         0        0       0
4633  402314       1  Parkinson's Disease  ...         0        0       0

[4634 rows x 22 columns]
[2024-11-05T23:37:04.077-0500] {taskinstance.py:1400} INFO - Marking task as SUCCESS. dag_id=data_pipeline_with_custom_email_alerts1, task_id=task_participant_status_load, execution_date=20241106T043657, start_date=20241106T043703, end_date=20241106T043704
[2024-11-05T23:37:04.271-0500] {local_task_job_runner.py:228} INFO - Task exited with return code 0
[2024-11-05T23:37:04.289-0500] {taskinstance.py:2778} INFO - 1 downstream tasks scheduled from follow-on schedule check
