[2024-11-05T22:53:56.982-0500] {taskinstance.py:1159} INFO - Dependencies all met for dep_context=non-requeueable deps ti=<TaskInstance: data_pipeline_with_custom_email_alerts1.load_motor_senses_4_task manual__2024-11-06T03:53:24.068430+00:00 [queued]>
[2024-11-05T22:53:56.987-0500] {taskinstance.py:1159} INFO - Dependencies all met for dep_context=requeueable deps ti=<TaskInstance: data_pipeline_with_custom_email_alerts1.load_motor_senses_4_task manual__2024-11-06T03:53:24.068430+00:00 [queued]>
[2024-11-05T22:53:56.987-0500] {taskinstance.py:1361} INFO - Starting attempt 1 of 2
[2024-11-05T22:53:57.123-0500] {taskinstance.py:1382} INFO - Executing <Task(PythonOperator): load_motor_senses_4_task> on 2024-11-06 03:53:24.068430+00:00
[2024-11-05T22:53:57.128-0500] {standard_task_runner.py:57} INFO - Started process 84282 to run task
[2024-11-05T22:53:57.132-0500] {standard_task_runner.py:84} INFO - Running: ['airflow', 'tasks', 'run', 'data_pipeline_with_custom_email_alerts1', 'load_motor_senses_4_task', 'manual__2024-11-06T03:53:24.068430+00:00', '--job-id', '457', '--raw', '--subdir', 'DAGS_FOLDER/try1.py', '--cfg-path', '/tmp/tmplba569jn']
[2024-11-05T22:53:57.133-0500] {standard_task_runner.py:85} INFO - Job 457: Subtask load_motor_senses_4_task
[2024-11-05T22:53:57.244-0500] {task_command.py:416} INFO - Running <TaskInstance: data_pipeline_with_custom_email_alerts1.load_motor_senses_4_task manual__2024-11-06T03:53:24.068430+00:00 [running]> on host mrudula-OMEN-by-HP-Laptop
[2024-11-05T22:53:57.494-0500] {taskinstance.py:1662} INFO - Exporting env vars: AIRFLOW_CTX_DAG_OWNER='airflow' AIRFLOW_CTX_DAG_ID='data_pipeline_with_custom_email_alerts1' AIRFLOW_CTX_TASK_ID='load_motor_senses_4_task' AIRFLOW_CTX_EXECUTION_DATE='2024-11-06T03:53:24.068430+00:00' AIRFLOW_CTX_TRY_NUMBER='1' AIRFLOW_CTX_DAG_RUN_ID='manual__2024-11-06T03:53:24.068430+00:00'
[2024-11-05T22:53:57.708-0500] {python.py:194} INFO - Done. Returned value was:            REC_ID   PATNO EVENT_ID  ...  NHY ORIG_ENTRY            LAST_UPDATE
0       272451901    3000       BL  ...  0.0    02/2011  2020-06-25 16:02:19.0
1       338703101    3000      V04  ...  0.0    03/2012  2020-06-25 16:02:22.0
2       385009801    3000      V06  ...  0.0    02/2013  2020-06-25 16:02:22.0
3       437131401    3000      V08  ...  0.0    05/2014  2020-06-25 16:02:22.0
4       512469901    3000      V10  ...  0.0    03/2015  2020-06-25 16:02:23.0
...           ...     ...      ...  ...  ...        ...                    ...
30133  IANT593704  394809       BL  ...  0.0    10/2024  2024-10-10 00:00:00.0
30134  IAOF593702  398222       BL  ...  2.0    10/2024  2024-10-16 00:00:00.0
30135  IAON593702  398222       BL  ...  2.0    10/2024  2024-10-16 00:00:00.0
30136  IAON603666  402314       BL  ...  1.0    10/2024  2024-10-24 00:00:00.0
30137  IAOF603666  402314       BL  ...  2.0    10/2024  2024-10-24 00:00:00.0

[30138 rows x 62 columns]
[2024-11-05T22:53:58.199-0500] {taskinstance.py:1400} INFO - Marking task as SUCCESS. dag_id=data_pipeline_with_custom_email_alerts1, task_id=load_motor_senses_4_task, execution_date=20241106T035324, start_date=20241106T035356, end_date=20241106T035358
[2024-11-05T22:53:58.347-0500] {local_task_job_runner.py:228} INFO - Task exited with return code 0
[2024-11-05T22:53:58.372-0500] {taskinstance.py:2778} INFO - 1 downstream tasks scheduled from follow-on schedule check
