[2024-11-05T21:33:06.949-0500] {taskinstance.py:1159} INFO - Dependencies all met for dep_context=non-requeueable deps ti=<TaskInstance: data_pipeline_with_custom_email_alerts1.task_participant_status_load manual__2024-11-06T02:33:02.385315+00:00 [queued]>
[2024-11-05T21:33:06.955-0500] {taskinstance.py:1159} INFO - Dependencies all met for dep_context=requeueable deps ti=<TaskInstance: data_pipeline_with_custom_email_alerts1.task_participant_status_load manual__2024-11-06T02:33:02.385315+00:00 [queued]>
[2024-11-05T21:33:06.955-0500] {taskinstance.py:1361} INFO - Starting attempt 1 of 2
[2024-11-05T21:33:07.084-0500] {taskinstance.py:1382} INFO - Executing <Task(PythonOperator): task_participant_status_load> on 2024-11-06 02:33:02.385315+00:00
[2024-11-05T21:33:07.087-0500] {standard_task_runner.py:57} INFO - Started process 68207 to run task
[2024-11-05T21:33:07.090-0500] {standard_task_runner.py:84} INFO - Running: ['airflow', 'tasks', 'run', 'data_pipeline_with_custom_email_alerts1', 'task_participant_status_load', 'manual__2024-11-06T02:33:02.385315+00:00', '--job-id', '408', '--raw', '--subdir', 'DAGS_FOLDER/try1.py', '--cfg-path', '/tmp/tmp7lije0mu']
[2024-11-05T21:33:07.091-0500] {standard_task_runner.py:85} INFO - Job 408: Subtask task_participant_status_load
[2024-11-05T21:33:07.233-0500] {task_command.py:416} INFO - Running <TaskInstance: data_pipeline_with_custom_email_alerts1.task_participant_status_load manual__2024-11-06T02:33:02.385315+00:00 [running]> on host mrudula-OMEN-by-HP-Laptop
[2024-11-05T21:33:07.430-0500] {taskinstance.py:1662} INFO - Exporting env vars: AIRFLOW_CTX_DAG_OWNER='airflow' AIRFLOW_CTX_DAG_ID='data_pipeline_with_custom_email_alerts1' AIRFLOW_CTX_TASK_ID='task_participant_status_load' AIRFLOW_CTX_EXECUTION_DATE='2024-11-06T02:33:02.385315+00:00' AIRFLOW_CTX_TRY_NUMBER='1' AIRFLOW_CTX_DAG_RUN_ID='manual__2024-11-06T02:33:02.385315+00:00'
[2024-11-05T21:33:07.571-0500] {python.py:194} INFO - Done. Returned value was:        PATNO  COHORT    COHORT_DEFINITION  ... ENRLLRRK2 ENRLSNCA ENRLGBA
0       3000       2      Healthy Control  ...         0        0       0
1       3001       1  Parkinson's Disease  ...         0        0       0
2       3002       1  Parkinson's Disease  ...         0        0       0
3       3003       1  Parkinson's Disease  ...         0        0       0
4       3004       2      Healthy Control  ...         0        0       0
...      ...     ...                  ...  ...       ...      ...     ...
4629  397443       2      Healthy Control  ...         0        0       0
4630  398222       1  Parkinson's Disease  ...         0        1       0
4631  398571       2      Healthy Control  ...         0        0       0
4632  398573       2      Healthy Control  ...         0        0       0
4633  402314       1  Parkinson's Disease  ...         0        0       0

[4634 rows x 22 columns]
[2024-11-05T21:33:07.708-0500] {taskinstance.py:1400} INFO - Marking task as SUCCESS. dag_id=data_pipeline_with_custom_email_alerts1, task_id=task_participant_status_load, execution_date=20241106T023302, start_date=20241106T023306, end_date=20241106T023307
[2024-11-05T21:33:07.863-0500] {local_task_job_runner.py:228} INFO - Task exited with return code 0
[2024-11-05T21:33:07.879-0500] {taskinstance.py:2778} INFO - 1 downstream tasks scheduled from follow-on schedule check
