[2024-11-05T23:31:37.845-0500] {taskinstance.py:1159} INFO - Dependencies all met for dep_context=non-requeueable deps ti=<TaskInstance: data_pipeline_with_custom_email_alerts1.task_clean_demographics manual__2024-11-06T04:30:57.325826+00:00 [queued]>
[2024-11-05T23:31:37.851-0500] {taskinstance.py:1159} INFO - Dependencies all met for dep_context=requeueable deps ti=<TaskInstance: data_pipeline_with_custom_email_alerts1.task_clean_demographics manual__2024-11-06T04:30:57.325826+00:00 [queued]>
[2024-11-05T23:31:37.851-0500] {taskinstance.py:1361} INFO - Starting attempt 1 of 2
[2024-11-05T23:31:37.998-0500] {taskinstance.py:1382} INFO - Executing <Task(PythonOperator): task_clean_demographics> on 2024-11-06 04:30:57.325826+00:00
[2024-11-05T23:31:38.004-0500] {standard_task_runner.py:57} INFO - Started process 92688 to run task
[2024-11-05T23:31:38.008-0500] {standard_task_runner.py:84} INFO - Running: ['airflow', 'tasks', 'run', 'data_pipeline_with_custom_email_alerts1', 'task_clean_demographics', 'manual__2024-11-06T04:30:57.325826+00:00', '--job-id', '513', '--raw', '--subdir', 'DAGS_FOLDER/try1.py', '--cfg-path', '/tmp/tmp7u6f6qhz']
[2024-11-05T23:31:38.010-0500] {standard_task_runner.py:85} INFO - Job 513: Subtask task_clean_demographics
[2024-11-05T23:31:38.141-0500] {task_command.py:416} INFO - Running <TaskInstance: data_pipeline_with_custom_email_alerts1.task_clean_demographics manual__2024-11-06T04:30:57.325826+00:00 [running]> on host mrudula-OMEN-by-HP-Laptop
[2024-11-05T23:31:38.342-0500] {taskinstance.py:1662} INFO - Exporting env vars: AIRFLOW_CTX_DAG_OWNER='airflow' AIRFLOW_CTX_DAG_ID='data_pipeline_with_custom_email_alerts1' AIRFLOW_CTX_TASK_ID='task_clean_demographics' AIRFLOW_CTX_EXECUTION_DATE='2024-11-06T04:30:57.325826+00:00' AIRFLOW_CTX_TRY_NUMBER='1' AIRFLOW_CTX_DAG_RUN_ID='manual__2024-11-06T04:30:57.325826+00:00'
[2024-11-05T23:31:38.509-0500] {python.py:194} INFO - Done. Returned value was:        PATNO  SEX  CHLDBEAR  HANDED  ...  RAINDALS  RANOS  RAWHITE  RAUNKNOWN
0       3000    0       0.0     1.0  ...       0.0    0.0      1.0          0
1       3001    1       NaN     2.0  ...       0.0    0.0      1.0          0
2       3002    0       0.0     1.0  ...       0.0    0.0      1.0          0
3       3003    0       0.0     1.0  ...       0.0    0.0      1.0          0
4       3004    1       NaN     1.0  ...       0.0    0.0      1.0          0
...      ...  ...       ...     ...  ...       ...    ...      ...        ...
4614  397443    0       0.0     1.0  ...       0.0    0.0      1.0          0
4615  398222    1       NaN     1.0  ...       0.0    0.0      1.0          0
4616  398571    0       0.0     1.0  ...       0.0    0.0      1.0          0
4617  398573    1       NaN     1.0  ...       0.0    0.0      1.0          0
4618  402314    1       NaN     1.0  ...       0.0    0.0      1.0          0

[4619 rows x 12 columns]
[2024-11-05T23:31:38.648-0500] {taskinstance.py:1400} INFO - Marking task as SUCCESS. dag_id=data_pipeline_with_custom_email_alerts1, task_id=task_clean_demographics, execution_date=20241106T043057, start_date=20241106T043137, end_date=20241106T043138
[2024-11-05T23:31:38.822-0500] {local_task_job_runner.py:228} INFO - Task exited with return code 0
[2024-11-05T23:31:38.860-0500] {taskinstance.py:2778} INFO - 1 downstream tasks scheduled from follow-on schedule check
