[2024-11-05T21:22:19.329-0500] {taskinstance.py:1159} INFO - Dependencies all met for dep_context=non-requeueable deps ti=<TaskInstance: data_pipeline_with_custom_email_alerts1.task_demographics_load manual__2024-11-06T02:22:10.425973+00:00 [queued]>
[2024-11-05T21:22:19.338-0500] {taskinstance.py:1159} INFO - Dependencies all met for dep_context=requeueable deps ti=<TaskInstance: data_pipeline_with_custom_email_alerts1.task_demographics_load manual__2024-11-06T02:22:10.425973+00:00 [queued]>
[2024-11-05T21:22:19.338-0500] {taskinstance.py:1361} INFO - Starting attempt 1 of 2
[2024-11-05T21:22:19.483-0500] {taskinstance.py:1382} INFO - Executing <Task(PythonOperator): task_demographics_load> on 2024-11-06 02:22:10.425973+00:00
[2024-11-05T21:22:19.489-0500] {standard_task_runner.py:57} INFO - Started process 65942 to run task
[2024-11-05T21:22:19.493-0500] {standard_task_runner.py:84} INFO - Running: ['airflow', 'tasks', 'run', 'data_pipeline_with_custom_email_alerts1', 'task_demographics_load', 'manual__2024-11-06T02:22:10.425973+00:00', '--job-id', '384', '--raw', '--subdir', 'DAGS_FOLDER/try1.py', '--cfg-path', '/tmp/tmpl5s414ng']
[2024-11-05T21:22:19.494-0500] {standard_task_runner.py:85} INFO - Job 384: Subtask task_demographics_load
[2024-11-05T21:22:19.605-0500] {task_command.py:416} INFO - Running <TaskInstance: data_pipeline_with_custom_email_alerts1.task_demographics_load manual__2024-11-06T02:22:10.425973+00:00 [running]> on host mrudula-OMEN-by-HP-Laptop
[2024-11-05T21:22:19.836-0500] {taskinstance.py:1662} INFO - Exporting env vars: AIRFLOW_CTX_DAG_OWNER='airflow' AIRFLOW_CTX_DAG_ID='data_pipeline_with_custom_email_alerts1' AIRFLOW_CTX_TASK_ID='task_demographics_load' AIRFLOW_CTX_EXECUTION_DATE='2024-11-06T02:22:10.425973+00:00' AIRFLOW_CTX_TRY_NUMBER='1' AIRFLOW_CTX_DAG_RUN_ID='manual__2024-11-06T02:22:10.425973+00:00'
[2024-11-05T21:22:20.016-0500] {python.py:194} INFO - Done. Returned value was:         REC_ID   PATNO EVENT_ID  ... RAUNKNOWN ORIG_ENTRY            LAST_UPDATE
0      IA86904    3000    TRANS  ...         0    01/2011  2022-11-07 00:00:00.0
1      IA86905    3001    TRANS  ...         0    02/2011  2022-11-07 00:00:00.0
2      IA86906    3002    TRANS  ...         0    03/2011  2022-11-07 00:00:00.0
3      IA86907    3003    TRANS  ...         0    03/2011  2022-11-07 00:00:00.0
4      IA86908    3004    TRANS  ...         0    03/2011  2022-11-07 00:00:00.0
...        ...     ...      ...  ...       ...        ...                    ...
4614  IA590244  397443       SC  ...         0    10/2024  2024-10-07 00:00:00.0
4615  IA593587  398222       SC  ...         0    10/2024  2024-10-10 00:00:00.0
4616  IA595117  398571       SC  ...         0    10/2024  2024-10-11 00:00:00.0
4617  IA595132  398573       SC  ...         0    10/2024  2024-10-11 00:00:00.0
4618  IA603632  402314       SC  ...         0    10/2024  2024-10-24 00:00:00.0

[4619 rows x 29 columns]
[2024-11-05T21:22:20.222-0500] {taskinstance.py:1400} INFO - Marking task as SUCCESS. dag_id=data_pipeline_with_custom_email_alerts1, task_id=task_demographics_load, execution_date=20241106T022210, start_date=20241106T022219, end_date=20241106T022220
[2024-11-05T21:22:20.347-0500] {local_task_job_runner.py:228} INFO - Task exited with return code 0
[2024-11-05T21:22:20.372-0500] {taskinstance.py:2778} INFO - 1 downstream tasks scheduled from follow-on schedule check
