[2024-11-05T22:53:46.008-0500] {taskinstance.py:1159} INFO - Dependencies all met for dep_context=non-requeueable deps ti=<TaskInstance: data_pipeline_with_custom_email_alerts1.load_motor_senses_1_task manual__2024-11-06T03:53:24.068430+00:00 [queued]>
[2024-11-05T22:53:46.017-0500] {taskinstance.py:1159} INFO - Dependencies all met for dep_context=requeueable deps ti=<TaskInstance: data_pipeline_with_custom_email_alerts1.load_motor_senses_1_task manual__2024-11-06T03:53:24.068430+00:00 [queued]>
[2024-11-05T22:53:46.017-0500] {taskinstance.py:1361} INFO - Starting attempt 1 of 2
[2024-11-05T22:53:46.140-0500] {taskinstance.py:1382} INFO - Executing <Task(PythonOperator): load_motor_senses_1_task> on 2024-11-06 03:53:24.068430+00:00
[2024-11-05T22:53:46.145-0500] {standard_task_runner.py:57} INFO - Started process 84220 to run task
[2024-11-05T22:53:46.149-0500] {standard_task_runner.py:84} INFO - Running: ['airflow', 'tasks', 'run', 'data_pipeline_with_custom_email_alerts1', 'load_motor_senses_1_task', 'manual__2024-11-06T03:53:24.068430+00:00', '--job-id', '454', '--raw', '--subdir', 'DAGS_FOLDER/try1.py', '--cfg-path', '/tmp/tmpmjgxzcf2']
[2024-11-05T22:53:46.152-0500] {standard_task_runner.py:85} INFO - Job 454: Subtask load_motor_senses_1_task
[2024-11-05T22:53:46.328-0500] {task_command.py:416} INFO - Running <TaskInstance: data_pipeline_with_custom_email_alerts1.load_motor_senses_1_task manual__2024-11-06T03:53:24.068430+00:00 [running]> on host mrudula-OMEN-by-HP-Laptop
[2024-11-05T22:53:46.578-0500] {taskinstance.py:1662} INFO - Exporting env vars: AIRFLOW_CTX_DAG_OWNER='airflow' AIRFLOW_CTX_DAG_ID='data_pipeline_with_custom_email_alerts1' AIRFLOW_CTX_TASK_ID='load_motor_senses_1_task' AIRFLOW_CTX_EXECUTION_DATE='2024-11-06T03:53:24.068430+00:00' AIRFLOW_CTX_TRY_NUMBER='1' AIRFLOW_CTX_DAG_RUN_ID='manual__2024-11-06T03:53:24.068430+00:00'
[2024-11-05T22:53:46.642-0500] {python.py:194} INFO - Done. Returned value was:           REC_ID   PATNO EVENT_ID  ... NP1RTOT ORIG_ENTRY            LAST_UPDATE
0      272451201    3000       BL  ...     3.0    02/2011  2020-06-25 16:02:19.0
1      338701901    3000      V04  ...     1.0    03/2012  2020-06-25 16:02:21.0
2      385008801    3000      V06  ...     3.0    02/2013  2020-06-25 16:02:22.0
3      437130601    3000      V08  ...     3.0    05/2014  2020-06-25 16:02:22.0
4      512466501    3000      V10  ...     0.0    03/2015  2020-06-25 16:02:23.0
...          ...     ...      ...  ...     ...        ...                    ...
25758   IA593713  386466       BL  ...     0.0    10/2024  2024-10-15 00:00:00.0
25759   IA601729  388122       BL  ...     5.0    10/2024  2024-10-23 00:00:00.0
25760   IA593693  394809       BL  ...     0.0    10/2024  2024-10-10 00:00:00.0
25761   IA593705  398222       BL  ...     8.0    10/2024  2024-10-10 00:00:00.0
25762   IA603662  402314       BL  ...     4.0    10/2024  2024-10-24 00:00:00.0

[25763 rows x 15 columns]
[2024-11-05T22:53:46.925-0500] {taskinstance.py:1400} INFO - Marking task as SUCCESS. dag_id=data_pipeline_with_custom_email_alerts1, task_id=load_motor_senses_1_task, execution_date=20241106T035324, start_date=20241106T035346, end_date=20241106T035346
[2024-11-05T22:53:47.124-0500] {local_task_job_runner.py:228} INFO - Task exited with return code 0
[2024-11-05T22:53:47.149-0500] {taskinstance.py:2778} INFO - 1 downstream tasks scheduled from follow-on schedule check
