[2024-11-05T21:33:24.447-0500] {taskinstance.py:1159} INFO - Dependencies all met for dep_context=non-requeueable deps ti=<TaskInstance: data_pipeline_with_custom_email_alerts1.task_clean_biospecimen_analysis manual__2024-11-06T02:33:02.385315+00:00 [queued]>
[2024-11-05T21:33:24.452-0500] {taskinstance.py:1159} INFO - Dependencies all met for dep_context=requeueable deps ti=<TaskInstance: data_pipeline_with_custom_email_alerts1.task_clean_biospecimen_analysis manual__2024-11-06T02:33:02.385315+00:00 [queued]>
[2024-11-05T21:33:24.452-0500] {taskinstance.py:1361} INFO - Starting attempt 1 of 2
[2024-11-05T21:33:24.593-0500] {taskinstance.py:1382} INFO - Executing <Task(PythonOperator): task_clean_biospecimen_analysis> on 2024-11-06 02:33:02.385315+00:00
[2024-11-05T21:33:24.597-0500] {standard_task_runner.py:57} INFO - Started process 68363 to run task
[2024-11-05T21:33:24.599-0500] {standard_task_runner.py:84} INFO - Running: ['airflow', 'tasks', 'run', 'data_pipeline_with_custom_email_alerts1', 'task_clean_biospecimen_analysis', 'manual__2024-11-06T02:33:02.385315+00:00', '--job-id', '413', '--raw', '--subdir', 'DAGS_FOLDER/try1.py', '--cfg-path', '/tmp/tmpmsrtwirq']
[2024-11-05T21:33:24.600-0500] {standard_task_runner.py:85} INFO - Job 413: Subtask task_clean_biospecimen_analysis
[2024-11-05T21:33:24.691-0500] {task_command.py:416} INFO - Running <TaskInstance: data_pipeline_with_custom_email_alerts1.task_clean_biospecimen_analysis manual__2024-11-06T02:33:02.385315+00:00 [running]> on host mrudula-OMEN-by-HP-Laptop
[2024-11-05T21:33:24.882-0500] {taskinstance.py:1662} INFO - Exporting env vars: AIRFLOW_CTX_DAG_OWNER='airflow' AIRFLOW_CTX_DAG_ID='data_pipeline_with_custom_email_alerts1' AIRFLOW_CTX_TASK_ID='task_clean_biospecimen_analysis' AIRFLOW_CTX_EXECUTION_DATE='2024-11-06T02:33:02.385315+00:00' AIRFLOW_CTX_TRY_NUMBER='1' AIRFLOW_CTX_DAG_RUN_ID='manual__2024-11-06T02:33:02.385315+00:00'
[2024-11-05T21:33:25.010-0500] {python.py:194} INFO - Done. Returned value was:        PATNO CLINICAL_EVENT  ... InstrumentRep1    RUNDATE
0     245573             BL  ...              2 2023-12-18
1     163324             BL  ...              2 2023-12-18
2     250240             BL  ...              2 2023-12-18
3     164985             BL  ...              2 2023-12-18
4     245591             BL  ...              2 2023-12-18
...      ...            ...  ...            ...        ...
1441  293703             BL  ...              9 2024-07-18
1442  294102             BL  ...              9 2024-07-18
1443  179752             BL  ...              9 2024-07-18
1444  313702             BL  ...              9 2024-07-18
1445  319735             BL  ...             10 2024-07-18

[1446 rows x 7 columns]
[2024-11-05T21:33:25.224-0500] {taskinstance.py:1400} INFO - Marking task as SUCCESS. dag_id=data_pipeline_with_custom_email_alerts1, task_id=task_clean_biospecimen_analysis, execution_date=20241106T023302, start_date=20241106T023324, end_date=20241106T023325
[2024-11-05T21:33:25.372-0500] {local_task_job_runner.py:228} INFO - Task exited with return code 0
[2024-11-05T21:33:25.443-0500] {taskinstance.py:2778} INFO - 1 downstream tasks scheduled from follow-on schedule check
