[2024-11-05T20:25:24.294-0500] {taskinstance.py:1159} INFO - Dependencies all met for dep_context=non-requeueable deps ti=<TaskInstance: data_pipeline_with_custom_email_alerts1.task_clean_demographics manual__2024-11-06T01:24:43.878866+00:00 [queued]>
[2024-11-05T20:25:24.302-0500] {taskinstance.py:1159} INFO - Dependencies all met for dep_context=requeueable deps ti=<TaskInstance: data_pipeline_with_custom_email_alerts1.task_clean_demographics manual__2024-11-06T01:24:43.878866+00:00 [queued]>
[2024-11-05T20:25:24.302-0500] {taskinstance.py:1361} INFO - Starting attempt 1 of 2
[2024-11-05T20:25:24.439-0500] {taskinstance.py:1382} INFO - Executing <Task(PythonOperator): task_clean_demographics> on 2024-11-06 01:24:43.878866+00:00
[2024-11-05T20:25:24.444-0500] {standard_task_runner.py:57} INFO - Started process 55458 to run task
[2024-11-05T20:25:24.449-0500] {standard_task_runner.py:84} INFO - Running: ['airflow', 'tasks', 'run', 'data_pipeline_with_custom_email_alerts1', 'task_clean_demographics', 'manual__2024-11-06T01:24:43.878866+00:00', '--job-id', '348', '--raw', '--subdir', 'DAGS_FOLDER/try1.py', '--cfg-path', '/tmp/tmpwcidd64m']
[2024-11-05T20:25:24.450-0500] {standard_task_runner.py:85} INFO - Job 348: Subtask task_clean_demographics
[2024-11-05T20:25:24.602-0500] {task_command.py:416} INFO - Running <TaskInstance: data_pipeline_with_custom_email_alerts1.task_clean_demographics manual__2024-11-06T01:24:43.878866+00:00 [running]> on host mrudula-OMEN-by-HP-Laptop
[2024-11-05T20:25:24.776-0500] {taskinstance.py:1662} INFO - Exporting env vars: AIRFLOW_CTX_DAG_OWNER='airflow' AIRFLOW_CTX_DAG_ID='data_pipeline_with_custom_email_alerts1' AIRFLOW_CTX_TASK_ID='task_clean_demographics' AIRFLOW_CTX_EXECUTION_DATE='2024-11-06T01:24:43.878866+00:00' AIRFLOW_CTX_TRY_NUMBER='1' AIRFLOW_CTX_DAG_RUN_ID='manual__2024-11-06T01:24:43.878866+00:00'
[2024-11-05T20:25:24.939-0500] {python.py:194} INFO - Done. Returned value was:        PATNO  SEX  CHLDBEAR  HANDED  ...  RAINDALS  RANOS  RAWHITE  RAUNKNOWN
0       3000    0       0.0     1.0  ...       0.0    0.0      1.0          0
1       3001    1       NaN     2.0  ...       0.0    0.0      1.0          0
2       3002    0       0.0     1.0  ...       0.0    0.0      1.0          0
3       3003    0       0.0     1.0  ...       0.0    0.0      1.0          0
4       3004    1       NaN     1.0  ...       0.0    0.0      1.0          0
...      ...  ...       ...     ...  ...       ...    ...      ...        ...
4614  397443    0       0.0     1.0  ...       0.0    0.0      1.0          0
4615  398222    1       NaN     1.0  ...       0.0    0.0      1.0          0
4616  398571    0       0.0     1.0  ...       0.0    0.0      1.0          0
4617  398573    1       NaN     1.0  ...       0.0    0.0      1.0          0
4618  402314    1       NaN     1.0  ...       0.0    0.0      1.0          0

[4619 rows x 12 columns]
[2024-11-05T20:25:25.078-0500] {taskinstance.py:1400} INFO - Marking task as SUCCESS. dag_id=data_pipeline_with_custom_email_alerts1, task_id=task_clean_demographics, execution_date=20241106T012443, start_date=20241106T012524, end_date=20241106T012525
[2024-11-05T20:25:25.262-0500] {local_task_job_runner.py:228} INFO - Task exited with return code 0
[2024-11-05T20:25:25.374-0500] {taskinstance.py:2778} INFO - 1 downstream tasks scheduled from follow-on schedule check
